
  .   ____          _            __ _ _
 /\\ / ___'_ __ _ _(_)_ __  __ _ \ \ \ \
( ( )\___ | '_ | '_| | '_ \/ _` | \ \ \ \
 \\/  ___)| |_)| | | | | || (_| |  ) ) ) )
  '  |____| .__|_| |_|_| |_\__, | / / / /
 =========|_|==============|___/=/_/_/_/
 :: Spring Boot ::                (v3.2.4)

2026-05-13T10:01:30.784Z  INFO 490725 --- [auth-service] [           main] com.khmerx.aire.auth.AuthApplication     : Starting AuthApplication using Java 17.0.18 with PID 490725 (/root/khmerx/kx-aire/auth-service/target/auth-service-1.0.0-SNAPSHOT.jar started by root in /root/khmerx/kx-aire)
2026-05-13T10:01:30.806Z  INFO 490725 --- [auth-service] [           main] com.khmerx.aire.auth.AuthApplication     : No active profile set, falling back to 1 default profile: "default"
2026-05-13T10:01:35.695Z  INFO 490725 --- [auth-service] [           main] .s.d.r.c.RepositoryConfigurationDelegate : Multiple Spring Data modules found, entering strict repository configuration mode
2026-05-13T10:01:35.709Z  INFO 490725 --- [auth-service] [           main] .s.d.r.c.RepositoryConfigurationDelegate : Bootstrapping Spring Data Redis repositories in DEFAULT mode.
2026-05-13T10:01:35.830Z  INFO 490725 --- [auth-service] [           main] .s.d.r.c.RepositoryConfigurationDelegate : Finished Spring Data repository scanning in 28 ms. Found 0 Redis repository interfaces.
2026-05-13T10:01:36.522Z  WARN 490725 --- [auth-service] [           main] o.m.s.mapper.ClassPathMapperScanner      : No MyBatis mapper was found in '[com.khmerx.aire.auth]' package. Please check your configuration.
2026-05-13T10:01:38.830Z  INFO 490725 --- [auth-service] [           main] o.s.b.w.embedded.tomcat.TomcatWebServer  : Tomcat initialized with port 8081 (http)
2026-05-13T10:01:38.878Z  INFO 490725 --- [auth-service] [           main] o.apache.catalina.core.StandardService   : Starting service [Tomcat]
2026-05-13T10:01:38.879Z  INFO 490725 --- [auth-service] [           main] o.apache.catalina.core.StandardEngine    : Starting Servlet engine: [Apache Tomcat/10.1.19]
2026-05-13T10:01:39.026Z  INFO 490725 --- [auth-service] [           main] o.a.c.c.C.[Tomcat].[localhost].[/]       : Initializing Spring embedded WebApplicationContext
2026-05-13T10:01:39.034Z  INFO 490725 --- [auth-service] [           main] w.s.c.ServletWebServerApplicationContext : Root WebApplicationContext: initialization completed in 7858 ms
 _ _   |_  _ _|_. ___ _ |    _ 
| | |\/|_)(_| | |_\  |_)||_|_\ 
     /               |         
                        3.5.5 
2026-05-13T10:01:43.377Z  WARN 490725 --- [auth-service] [           main] .s.s.UserDetailsServiceAutoConfiguration : 

Using generated security password: 2c07713d-3938-412d-94b6-e46177394631

This generated password is for development use only. Your security configuration must be updated before running your application in production.

2026-05-13T10:01:44.012Z  INFO 490725 --- [auth-service] [           main] o.s.s.web.DefaultSecurityFilterChain     : Will secure any request with [org.springframework.security.web.session.DisableEncodeUrlFilter@1a0d313, org.springframework.security.web.context.request.async.WebAsyncManagerIntegrationFilter@13908f9c, org.springframework.security.web.context.SecurityContextHolderFilter@41d20f06, org.springframework.security.web.header.HeaderWriterFilter@4eb63dc8, org.springframework.web.filter.CorsFilter@329b331f, org.springframework.security.web.csrf.CsrfFilter@31940704, org.springframework.security.web.authentication.logout.LogoutFilter@5d84e363, org.springframework.security.web.authentication.UsernamePasswordAuthenticationFilter@2a120c88, org.springframework.security.web.authentication.ui.DefaultLoginPageGeneratingFilter@79d4ff58, org.springframework.security.web.authentication.ui.DefaultLogoutPageGeneratingFilter@640a8f93, org.springframework.security.web.authentication.www.BasicAuthenticationFilter@1410d645, org.springframework.security.web.savedrequest.RequestCacheAwareFilter@1573e8a5, org.springframework.security.web.servletapi.SecurityContextHolderAwareRequestFilter@38022758, org.springframework.security.web.authentication.AnonymousAuthenticationFilter@6335f04a, org.springframework.security.web.access.ExceptionTranslationFilter@247bbfba, org.springframework.security.web.access.intercept.AuthorizationFilter@18989e0]
2026-05-13T10:01:44.355Z  INFO 490725 --- [auth-service] [           main] o.s.b.w.embedded.tomcat.TomcatWebServer  : Tomcat started on port 8081 (http) with context path ''
2026-05-13T10:01:44.396Z  INFO 490725 --- [auth-service] [           main] com.khmerx.aire.auth.AuthApplication     : Started AuthApplication in 15.702 seconds (process running for 17.576)
2026-05-13T10:02:20.806Z  INFO 490725 --- [auth-service] [nio-8081-exec-2] o.a.c.c.C.[Tomcat].[localhost].[/]       : Initializing Spring DispatcherServlet 'dispatcherServlet'
2026-05-13T10:02:20.806Z  INFO 490725 --- [auth-service] [nio-8081-exec-2] o.s.web.servlet.DispatcherServlet        : Initializing Servlet 'dispatcherServlet'
2026-05-13T10:02:20.813Z  INFO 490725 --- [auth-service] [nio-8081-exec-2] o.s.web.servlet.DispatcherServlet        : Completed initialization in 5 ms
