
  .   ____          _            __ _ _
 /\\ / ___'_ __ _ _(_)_ __  __ _ \ \ \ \
( ( )\___ | '_ | '_| | '_ \/ _` | \ \ \ \
 \\/  ___)| |_)| | | | | || (_| |  ) ) ) )
  '  |____| .__|_| |_|_| |_\__, | / / / /
 =========|_|==============|___/=/_/_/_/
 :: Spring Boot ::                (v3.2.4)

2026-05-13T10:01:49.364Z  INFO 490932 --- [risk-engine-service] [           main] c.k.aire.risk.RiskEngineApplication      : Starting RiskEngineApplication using Java 17.0.18 with PID 490932 (/root/khmerx/kx-aire/risk-engine-service/target/risk-engine-service-1.0.0-SNAPSHOT.jar started by root in /root/khmerx/kx-aire)
2026-05-13T10:01:49.371Z  INFO 490932 --- [risk-engine-service] [           main] c.k.aire.risk.RiskEngineApplication      : No active profile set, falling back to 1 default profile: "default"
2026-05-13T10:01:53.971Z  INFO 490932 --- [risk-engine-service] [           main] .s.d.r.c.RepositoryConfigurationDelegate : Multiple Spring Data modules found, entering strict repository configuration mode
2026-05-13T10:01:53.984Z  INFO 490932 --- [risk-engine-service] [           main] .s.d.r.c.RepositoryConfigurationDelegate : Bootstrapping Spring Data Redis repositories in DEFAULT mode.
2026-05-13T10:01:54.091Z  INFO 490932 --- [risk-engine-service] [           main] .s.d.r.c.RepositoryConfigurationDelegate : Finished Spring Data repository scanning in 23 ms. Found 0 Redis repository interfaces.
2026-05-13T10:01:54.668Z  WARN 490932 --- [risk-engine-service] [           main] o.m.s.mapper.ClassPathMapperScanner      : No MyBatis mapper was found in '[com.khmerx.aire.risk]' package. Please check your configuration.
2026-05-13T10:01:56.767Z  INFO 490932 --- [risk-engine-service] [           main] o.s.b.w.embedded.tomcat.TomcatWebServer  : Tomcat initialized with port 8082 (http)
2026-05-13T10:01:56.821Z  INFO 490932 --- [risk-engine-service] [           main] o.apache.catalina.core.StandardService   : Starting service [Tomcat]
2026-05-13T10:01:56.823Z  INFO 490932 --- [risk-engine-service] [           main] o.apache.catalina.core.StandardEngine    : Starting Servlet engine: [Apache Tomcat/10.1.19]
2026-05-13T10:01:56.965Z  INFO 490932 --- [risk-engine-service] [           main] o.a.c.c.C.[Tomcat].[localhost].[/]       : Initializing Spring embedded WebApplicationContext
2026-05-13T10:01:56.968Z  INFO 490932 --- [risk-engine-service] [           main] w.s.c.ServletWebServerApplicationContext : Root WebApplicationContext: initialization completed in 7323 ms
 _ _   |_  _ _|_. ___ _ |    _ 
| | |\/|_)(_| | |_\  |_)||_|_\ 
     /               |         
                        3.5.5 
2026-05-13T10:02:00.971Z  INFO 490932 --- [risk-engine-service] [           main] o.s.b.w.embedded.tomcat.TomcatWebServer  : Tomcat started on port 8082 (http) with context path ''
2026-05-13T10:02:01.016Z  INFO 490932 --- [risk-engine-service] [           main] c.k.aire.risk.RiskEngineApplication      : Started RiskEngineApplication in 13.486 seconds (process running for 15.832)
2026-05-13T10:02:21.530Z  INFO 490932 --- [risk-engine-service] [nio-8082-exec-1] o.a.c.c.C.[Tomcat].[localhost].[/]       : Initializing Spring DispatcherServlet 'dispatcherServlet'
2026-05-13T10:02:21.533Z  INFO 490932 --- [risk-engine-service] [nio-8082-exec-1] o.s.web.servlet.DispatcherServlet        : Initializing Servlet 'dispatcherServlet'
2026-05-13T10:02:21.546Z  INFO 490932 --- [risk-engine-service] [nio-8082-exec-1] o.s.web.servlet.DispatcherServlet        : Completed initialization in 12 ms
